Arguments: 
  /usr/local/Cellar/node/10.5.0_1/bin/node /usr/local/bin/yarn add --dev babel-jest babel-core regenerator-runtime

PATH: 
  /Users/danncortes/.rvm/gems/ruby-2.1.2/bin:/Users/danncortes/.rvm/gems/ruby-2.1.2@global/bin:/Users/danncortes/.rvm/rubies/ruby-2.1.2/bin:/usr/local/bin:/usr/bin:/bin:/usr/sbin:/sbin:/Users/danncortes/.rvm/bin

Yarn version: 
  0.22.0

Node version: 
  8.11.3

Platform: 
  darwin x64

npm manifest: 
  {
    "name": "my-project",
    "version": "1.0.0",
    "description": "",
    "main": "index.js",
    "scripts": {
      "start": "webpack-dev-server --mode=development",
      "build": "webpack --mode=production",
      "test": "echo \"Error: no test specified\" && exit 1"
    },
    "repository": {
      "type": "git",
      "url": "git+https://github.com/danncortes/vanilla-js-webpack-starter-project.git"
    },
    "author": "",
    "license": "ISC",
    "bugs": {
      "url": "https://github.com/danncortes/vanilla-js-webpack-starter-project/issues"
    },
    "homepage": "https://github.com/danncortes/vanilla-js-webpack-starter-project#readme",
    "devDependencies": {
      "@babel/core": "^7.1.2",
      "@babel/preset-env": "^7.1.0",
      "babel-eslint": "^10.0.1",
      "babel-loader": "^8.0.4",
      "clean-webpack-plugin": "^0.1.19",
      "css-loader": "^1.0.0",
      "eslint": "^5.6.1",
      "eslint-config-airbnb-base": "^13.1.0",
      "eslint-plugin-import": "^2.14.0",
      "eslint-plugin-jest": "^21.24.1",
      "html-webpack-plugin": "^3.2.0",
      "jest": "^23.6.0",
      "lodash": "^4.17.11",
      "mini-css-extract-plugin": "^0.4.3",
      "optimize-css-assets-webpack-plugin": "^5.0.1",
      "style-loader": "^0.23.0",
      "webpack": "^4.20.2",
      "webpack-cli": "^3.1.2",
      "webpack-dev-server": "^3.1.9"
    },
    "dependencies": {
      "npm": "^6.4.1"
    }
  }

yarn manifest: 
  No manifest

Lockfile: 
  No lockfile

Trace: 
  Error: EACCES: permission denied, mkdir '/Users/danncortes/Library/Caches/Yarn/v1/npm-@babel/preset-env-7.1.0-e67ea5b0441cfeab1d6f41e9b5c79798800e8d11'
